<?xml version="1.0" encoding="UTF-8"?>
<!-- Generated by org.testng.reporters.JUnitReportReporter -->
<testsuite hostname="AHMEDs-MacBook-Air.local" failures="0" tests="1" name="toLearn_WebDriverMethods.ToLearn_getTitleMethod" time="15.231" errors="0" timestamp="2026-06-24T11:02:20 IST" skipped="0">
  <testcase classname="toLearn_WebDriverMethods.ToLearn_getTitleMethod" name="test" time="15.231">
    <system-out>
      <![CDATA[Zomato]]>
    </system-out>
  </testcase> <!-- test -->
  <system-out>
    <![CDATA[Zomato]]>
  </system-out>
</testsuite> <!-- toLearn_WebDriverMethods.ToLearn_getTitleMethod -->
