<?xml version="1.0" encoding="UTF-8"?>
<!-- Generated by org.testng.reporters.JUnitReportReporter -->
<testsuite hostname="AHMEDs-MacBook-Air.local" failures="0" tests="1" name="launchBrowser.ToLaunchChromeBrowser" time="0.004" errors="0" timestamp="2026-06-22T20:05:57 IST" skipped="0">
  <testcase classname="launchBrowser.ToLaunchChromeBrowser" name="test" time="0.004">
    <system-out>
      <![CDATA[hii from reporter print statement]]>
    </system-out>
  </testcase> <!-- test -->
  <system-out>
    <![CDATA[hii from reporter print statement]]>
  </system-out>
</testsuite> <!-- launchBrowser.ToLaunchChromeBrowser -->
