<?xml version="1.0" encoding="UTF-8"?>
<!-- Generated by org.testng.reporters.JUnitReportReporter -->
<testsuite hostname="AHMEDs-MacBook-Air.local" failures="0" tests="1" name="toLearn_WebDriverMethods.ToLearn_getCurrentUrlMethod" time="16.585" errors="0" timestamp="2026-06-24T11:11:28 IST" skipped="0">
  <testcase classname="toLearn_WebDriverMethods.ToLearn_getCurrentUrlMethod" name="test" time="16.585">
    <system-out>
      <![CDATA[https://www.zomato.com/]]>
    </system-out>
  </testcase> <!-- test -->
  <system-out>
    <![CDATA[https://www.zomato.com/]]>
  </system-out>
</testsuite> <!-- toLearn_WebDriverMethods.ToLearn_getCurrentUrlMethod -->
